<?xml version="1.0" encoding="UTF-8"?>
<!-- Generated by org.testng.reporters.JUnitReportReporter -->
<testsuite hostname="Baymax" name="StackAndQueue1_3.Exercises.GeneralizedQueueWithNode_1_3_38" tests="1" failures="0" timestamp="10 Sep 2016 05:06:35 GMT" time="0.013" errors="0">
  <testcase name="testGeneralizedQueueWithNode" time="0.013" classname="StackAndQueue1_3.Exercises.GeneralizedQueueWithNode_1_3_38"/>
</testsuite> <!-- StackAndQueue1_3.Exercises.GeneralizedQueueWithNode_1_3_38 -->
