<?xml version="1.0" encoding="UTF-8"?>
<!-- Generated by org.testng.reporters.JUnitReportReporter -->
<testsuite hostname="Baymax" name="ArrayTest.ParenthesesCheck" tests="1" failures="0" timestamp="26 Aug 2016 16:33:42 GMT" time="0.017" errors="0">
  <testcase name="testParenthesesCheck" time="0.017" classname="ArrayTest.ParenthesesCheck"/>
</testsuite> <!-- ArrayTest.ParenthesesCheck -->
