<?xml version="1.0" encoding="UTF-8"?>
<!-- Generated by org.testng.reporters.JUnitReportReporter -->
<testsuite hostname="Baymax" name="StackAndQueue1_3.QueueSimuWithArray" tests="1" failures="0" timestamp="27 Aug 2016 14:41:49 GMT" time="0.017" errors="0">
  <testcase name="testQueueSimuWithArray" time="0.017" classname="StackAndQueue1_3.QueueSimuWithArray"/>
</testsuite> <!-- StackAndQueue1_3.QueueSimuWithArray -->
