<?xml version="1.0" encoding="UTF-8"?>
<!-- Generated by org.testng.reporters.JUnitReportReporter -->
<testsuite hostname="Baymax" name="StackAndQueue1_3.Exercises.RingBuffer_1_3_39" tests="1" failures="0" timestamp="10 Sep 2016 08:35:50 GMT" time="0.018" errors="0">
  <testcase name="testRingBuffer" time="0.018" classname="StackAndQueue1_3.Exercises.RingBuffer_1_3_39"/>
</testsuite> <!-- StackAndQueue1_3.Exercises.RingBuffer_1_3_39 -->
