<?xml version="1.0" encoding="UTF-8"?>
<!-- Generated by org.testng.reporters.JUnitReportReporter -->
<testsuite hostname="Baymax" name="ArrayTest.StackSimu" tests="1" failures="0" timestamp="23 Aug 2016 23:39:22 GMT" time="0.019" errors="0">
  <testcase name="testStackSimu" time="0.019" classname="ArrayTest.StackSimu"/>
</testsuite> <!-- ArrayTest.StackSimu -->
