<?xml version="1.0" encoding="UTF-8"?>
<!-- Generated by org.testng.reporters.JUnitReportReporter -->
<testsuite hostname="Baymax" name="ArrayTest.QueueSimuWithNode" tests="1" failures="0" timestamp="24 Aug 2016 15:11:46 GMT" time="0.015" errors="0">
  <testcase name="testQueueSimuWithNode" time="0.015" classname="ArrayTest.QueueSimuWithNode"/>
</testsuite> <!-- ArrayTest.QueueSimuWithNode -->
