<?xml version="1.0" encoding="UTF-8"?>
<!-- Generated by org.testng.reporters.JUnitReportReporter -->
<testsuite hostname="Baymax" name="StackAndQueue1_3.Exercises.ParenthesesCheck_byBook_1_3_4" tests="2" failures="0" timestamp="9 Sep 2016 15:31:39 GMT" time="0.011" errors="0">
  <testcase name="testParenthesesCheck" time="0.002" classname="StackAndQueue1_3.Exercises.ParenthesesCheck_byBook_1_3_4"/>
  <testcase name="testParenthesesCheck" time="0.009" classname="StackAndQueue1_3.Exercises.ParenthesesCheck_byBook_1_3_4"/>
</testsuite> <!-- StackAndQueue1_3.Exercises.ParenthesesCheck_byBook_1_3_4 -->
