<?xml version="1.0" encoding="UTF-8"?>
<!-- Generated by org.testng.reporters.JUnitReportReporter -->
<testsuite hostname="Baymax" name="StackAndQueue1_3.Exercises.Josephus_ByMyWay_1_3_37" tests="1" failures="0" timestamp="9 Sep 2016 15:31:39 GMT" time="0.002" errors="0">
  <testcase name="testJosephus" time="0.002" classname="StackAndQueue1_3.Exercises.Josephus_ByMyWay_1_3_37"/>
</testsuite> <!-- StackAndQueue1_3.Exercises.Josephus_ByMyWay_1_3_37 -->
